This file contains any messages produced by compilers while
running configure, to aid debugging if configure makes a mistake.

It was created by configure, which was
generated by GNU Autoconf 2.59.  Invocation command line was

  $ ./configure 

## --------- ##
## Platform. ##
## --------- ##

hostname = jesus.ctv
uname -m = amd64
uname -r = 8.3-RELEASE
uname -s = FreeBSD
uname -v = FreeBSD 8.3-RELEASE #0: Fri Jan 18 18:50:46 EET 2013     nightfly@jesus.ctv:/usr/src/sys/amd64/compile/JESUS 

/usr/bin/uname -p = amd64
/bin/uname -X     = unknown

/bin/arch              = unknown
/usr/bin/arch -k       = unknown
/usr/convex/getsysinfo = unknown
hostinfo               = unknown
/bin/machine           = unknown
/usr/bin/oslevel       = unknown
/bin/universe          = unknown

PATH: /sbin
PATH: /bin
PATH: /usr/sbin
PATH: /usr/bin
PATH: /usr/games
PATH: /usr/local/sbin
PATH: /usr/local/bin
PATH: /home/nightfly/bin


## ----------- ##
## Core tests. ##
## ----------- ##

configure:1335: checking build system type
configure:1353: result: amd64-unknown-freebsd8.3
configure:1361: checking host system type
configure:1375: result: amd64-unknown-freebsd8.3
configure:1399: checking for bison
configure:1415: found /usr/local/bin/bison
configure:1425: result: bison -y
configure:1482: checking for gcc
configure:1498: found /usr/bin/gcc
configure:1508: result: gcc
configure:1752: checking for C compiler version
configure:1755: gcc --version </dev/null >&5
gcc (GCC) 4.2.2 20070831 prerelease [FreeBSD]
Copyright (C) 2007 Free Software Foundation, Inc.
This is free software; see the source for copying conditions.  There is NO
warranty; not even for MERCHANTABILITY or FITNESS FOR A PARTICULAR PURPOSE.

configure:1758: $? = 0
configure:1760: gcc -v </dev/null >&5
Using built-in specs.
Target: amd64-undermydesk-freebsd
Configured with: FreeBSD/amd64 system compiler
Thread model: posix
gcc version 4.2.2 20070831 prerelease [FreeBSD]
configure:1763: $? = 0
configure:1765: gcc -V </dev/null >&5
gcc: '-V' option must have argument
configure:1768: $? = 1
configure:1791: checking for C compiler default output file name
configure:1794: gcc    conftest.c  >&5
configure:1797: $? = 0
configure:1843: result: a.out
configure:1848: checking whether the C compiler works
configure:1854: ./a.out
configure:1857: $? = 0
configure:1874: result: yes
configure:1881: checking whether we are cross compiling
configure:1883: result: no
configure:1886: checking for suffix of executables
configure:1888: gcc -o conftest    conftest.c  >&5
configure:1891: $? = 0
configure:1916: result: 
configure:1922: checking for suffix of object files
configure:1943: gcc -c   conftest.c >&5
configure:1946: $? = 0
configure:1968: result: o
configure:1972: checking whether we are using the GNU C compiler
configure:1996: gcc -c   conftest.c >&5
configure:2002: $? = 0
configure:2006: test -z 
			 || test ! -s conftest.err
configure:2009: $? = 0
configure:2012: test -s conftest.o
configure:2015: $? = 0
configure:2028: result: yes
configure:2034: checking whether gcc accepts -g
configure:2055: gcc -c -g  conftest.c >&5
configure:2061: $? = 0
configure:2065: test -z 
			 || test ! -s conftest.err
configure:2068: $? = 0
configure:2071: test -s conftest.o
configure:2074: $? = 0
configure:2085: result: yes
configure:2102: checking for gcc option to accept ANSI C
configure:2172: gcc  -c -g -O2  conftest.c >&5
configure:2178: $? = 0
configure:2182: test -z 
			 || test ! -s conftest.err
configure:2185: $? = 0
configure:2188: test -s conftest.o
configure:2191: $? = 0
configure:2209: result: none needed
configure:2227: gcc -c -g -O2  conftest.c >&5
conftest.c:2: error: expected '=', ',', ';', 'asm' or '__attribute__' before 'me'
configure:2233: $? = 1
configure: failed program was:
| #ifndef __cplusplus
|   choke me
| #endif
configure:2379: checking for a BSD-compatible install
configure:2434: result: /usr/bin/install -c
configure:2450: checking for flex
configure:2466: found /usr/bin/flex
configure:2476: result: flex
configure:2489: checking for yywrap in -lfl
configure:2519: gcc -o conftest -g -O2   conftest.c -lfl   >&5
configure:2525: $? = 0
configure:2529: test -z 
			 || test ! -s conftest.err
configure:2532: $? = 0
configure:2535: test -s conftest
configure:2538: $? = 0
configure:2551: result: yes
configure:2629: checking lex output file root
configure:2640: flex conftest.l
configure:2643: $? = 0
configure:2655: result: lex.yy
configure:2660: checking whether yytext is a pointer
configure:2676: gcc -o conftest -g -O2   conftest.c  -lfl >&5
configure:2682: $? = 0
configure:2686: test -z 
			 || test ! -s conftest.err
configure:2689: $? = 0
configure:2692: test -s conftest
configure:2695: $? = 0
configure:2709: result: yes
configure:2728: checking how to run the C preprocessor
configure:2763: gcc -E  conftest.c
configure:2769: $? = 0
configure:2801: gcc -E  conftest.c
conftest.c:10:28: error: ac_nonexistent.h: No such file or directory
configure:2807: $? = 1
configure: failed program was:
| /* confdefs.h.  */
| 
| #define PACKAGE_NAME ""
| #define PACKAGE_TARNAME ""
| #define PACKAGE_VERSION ""
| #define PACKAGE_STRING ""
| #define PACKAGE_BUGREPORT ""
| #define YYTEXT_POINTER 1
| /* end confdefs.h.  */
| #include <ac_nonexistent.h>
configure:2846: result: gcc -E
configure:2870: gcc -E  conftest.c
configure:2876: $? = 0
configure:2908: gcc -E  conftest.c
conftest.c:10:28: error: ac_nonexistent.h: No such file or directory
configure:2914: $? = 1
configure: failed program was:
| /* confdefs.h.  */
| 
| #define PACKAGE_NAME ""
| #define PACKAGE_TARNAME ""
| #define PACKAGE_VERSION ""
| #define PACKAGE_STRING ""
| #define PACKAGE_BUGREPORT ""
| #define YYTEXT_POINTER 1
| /* end confdefs.h.  */
| #include <ac_nonexistent.h>
configure:2958: checking for X
configure:3063: gcc -E  conftest.c
conftest.c:10:27: error: X11/Intrinsic.h: No such file or directory
configure:3069: $? = 1
configure: failed program was:
| /* confdefs.h.  */
| 
| #define PACKAGE_NAME ""
| #define PACKAGE_TARNAME ""
| #define PACKAGE_VERSION ""
| #define PACKAGE_STRING ""
| #define PACKAGE_BUGREPORT ""
| #define YYTEXT_POINTER 1
| /* end confdefs.h.  */
| #include <X11/Intrinsic.h>
configure:3119: gcc -o conftest -g -O2   conftest.c -lXt  >&5
conftest.c:10:27: error: X11/Intrinsic.h: No such file or directory
configure:3125: $? = 1
configure: failed program was:
| /* confdefs.h.  */
| 
| #define PACKAGE_NAME ""
| #define PACKAGE_TARNAME ""
| #define PACKAGE_VERSION ""
| #define PACKAGE_STRING ""
| #define PACKAGE_BUGREPORT ""
| #define YYTEXT_POINTER 1
| /* end confdefs.h.  */
| #include <X11/Intrinsic.h>
| int
| main ()
| {
| XtMalloc (0)
|   ;
|   return 0;
| }
configure:3188: result: libraries /usr/local/lib, headers /usr/local/include
configure:3202: checking for /sw/lib
configure:3217: result: no
configure:3223: checking for /sw/include
configure:3238: result: no
configure:3246: checking for /usr/pkg/lib
configure:3261: result: no
configure:3267: checking for /usr/pkg/include
configure:3282: result: no
configure:3291: checking for connect in -lsocket
configure:3321: gcc -o conftest -g -O2  -I/usr/local/include  -L/usr/local/lib -L/usr/local/lib conftest.c -lsocket   >&5
/usr/bin/ld: cannot find -lsocket
configure:3327: $? = 1
configure: failed program was:
| /* confdefs.h.  */
| 
| #define PACKAGE_NAME ""
| #define PACKAGE_TARNAME ""
| #define PACKAGE_VERSION ""
| #define PACKAGE_STRING ""
| #define PACKAGE_BUGREPORT ""
| #define YYTEXT_POINTER 1
| /* end confdefs.h.  */
| 
| /* Override any gcc2 internal prototype to avoid an error.  */
| #ifdef __cplusplus
| extern "C"
| #endif
| /* We use char because int might match the return type of a gcc2
|    builtin and then its argument prototype would still apply.  */
| char connect ();
| int
| main ()
| {
| connect ();
|   ;
|   return 0;
| }
configure:3353: result: no
configure:3365: checking for gethostbyname in -lnsl
configure:3395: gcc -o conftest -g -O2  -I/usr/local/include  -L/usr/local/lib -L/usr/local/lib conftest.c -lnsl   >&5
/usr/bin/ld: cannot find -lnsl
configure:3401: $? = 1
configure: failed program was:
| /* confdefs.h.  */
| 
| #define PACKAGE_NAME ""
| #define PACKAGE_TARNAME ""
| #define PACKAGE_VERSION ""
| #define PACKAGE_STRING ""
| #define PACKAGE_BUGREPORT ""
| #define YYTEXT_POINTER 1
| /* end confdefs.h.  */
| 
| /* Override any gcc2 internal prototype to avoid an error.  */
| #ifdef __cplusplus
| extern "C"
| #endif
| /* We use char because int might match the return type of a gcc2
|    builtin and then its argument prototype would still apply.  */
| char gethostbyname ();
| int
| main ()
| {
| gethostbyname ();
|   ;
|   return 0;
| }
configure:3427: result: no
configure:3439: checking for inet_aton in -lresolv
configure:3469: gcc -o conftest -g -O2  -I/usr/local/include  -L/usr/local/lib -L/usr/local/lib conftest.c -lresolv   >&5
/usr/bin/ld: cannot find -lresolv
configure:3475: $? = 1
configure: failed program was:
| /* confdefs.h.  */
| 
| #define PACKAGE_NAME ""
| #define PACKAGE_TARNAME ""
| #define PACKAGE_VERSION ""
| #define PACKAGE_STRING ""
| #define PACKAGE_BUGREPORT ""
| #define YYTEXT_POINTER 1
| /* end confdefs.h.  */
| 
| /* Override any gcc2 internal prototype to avoid an error.  */
| #ifdef __cplusplus
| extern "C"
| #endif
| /* We use char because int might match the return type of a gcc2
|    builtin and then its argument prototype would still apply.  */
| char inet_aton ();
| int
| main ()
| {
| inet_aton ();
|   ;
|   return 0;
| }
configure:3501: result: no
configure:3515: checking for pow in -lm
configure:3545: gcc -o conftest -g -O2  -I/usr/local/include  -L/usr/local/lib -L/usr/local/lib conftest.c -lm   >&5
conftest.c:17: warning: conflicting types for built-in function 'pow'
configure:3551: $? = 0
configure:3555: test -z 
			 || test ! -s conftest.err
configure:3558: $? = 0
configure:3561: test -s conftest
configure:3564: $? = 0
configure:3577: result: yes
configure:3591: checking for deflate in -lz
configure:3621: gcc -o conftest -g -O2  -I/usr/local/include  -L/usr/local/lib -L/usr/local/lib conftest.c -lz  -lm  >&5
configure:3627: $? = 0
configure:3631: test -z 
			 || test ! -s conftest.err
configure:3634: $? = 0
configure:3637: test -s conftest
configure:3640: $? = 0
configure:3653: result: yes
configure:3667: checking for libiconv_open in -liconv
configure:3697: gcc -o conftest -g -O2  -I/usr/local/include  -L/usr/local/lib -L/usr/local/lib conftest.c -liconv  -lz -lm  >&5
configure:3703: $? = 0
configure:3707: test -z 
			 || test ! -s conftest.err
configure:3710: $? = 0
configure:3713: test -s conftest
configure:3716: $? = 0
configure:3729: result: yes
configure:3742: checking for gdImageCreate in -lgd
configure:3772: gcc -o conftest -g -O2  -I/usr/local/include  -L/usr/local/lib -L/usr/local/lib conftest.c -lgd  -liconv -lz -lm  >&5
configure:3778: $? = 0
configure:3782: test -z 
			 || test ! -s conftest.err
configure:3785: $? = 0
configure:3788: test -s conftest
configure:3791: $? = 0
configure:3804: result: yes
configure:3808: checking for png_read_info in -lpng
configure:3838: gcc -o conftest -g -O2  -I/usr/local/include  -L/usr/local/lib -L/usr/local/lib conftest.c -lpng  -liconv -lz -lm  >&5
configure:3844: $? = 0
configure:3848: test -z 
			 || test ! -s conftest.err
configure:3851: $? = 0
configure:3854: test -s conftest
configure:3857: $? = 0
configure:3870: result: yes
configure:3888: checking for pcap_open_live in -lpcap
configure:3918: gcc -o conftest -g -O2  -I/usr/local/include  -L/usr/local/lib -L/usr/local/lib conftest.c -lpcap  -lpng -liconv -lz -lm  >&5
configure:3924: $? = 0
configure:3928: test -z 
			 || test ! -s conftest.err
configure:3931: $? = 0
configure:3934: test -s conftest
configure:3937: $? = 0
configure:3950: result: yes
configure:4042: checking for /usr/local/pgsql/lib
configure:4057: result: no
configure:4063: checking for /usr/local/pgsql/include
configure:4078: result: no
configure:4084: checking for PQconnectdb in -lpq
configure:4114: gcc -o conftest -g -O2  -I/usr/local/include  -L/usr/local/lib -L/usr/local/lib conftest.c -lpq  -lpcap -lpng -liconv -lz -lm  >&5
/usr/bin/ld: cannot find -lpq
configure:4120: $? = 1
configure: failed program was:
| /* confdefs.h.  */
| 
| #define PACKAGE_NAME ""
| #define PACKAGE_TARNAME ""
| #define PACKAGE_VERSION ""
| #define PACKAGE_STRING ""
| #define PACKAGE_BUGREPORT ""
| #define YYTEXT_POINTER 1
| #define HAVE_LIBM 1
| #define HAVE_LIBZ 1
| #define HAVE_LIBICONV 1
| #define HAVE_LIBPNG 1
| #define HAVE_LIBPCAP 1
| /* end confdefs.h.  */
| 
| /* Override any gcc2 internal prototype to avoid an error.  */
| #ifdef __cplusplus
| extern "C"
| #endif
| /* We use char because int might match the return type of a gcc2
|    builtin and then its argument prototype would still apply.  */
| char PQconnectdb ();
| int
| main ()
| {
| PQconnectdb ();
|   ;
|   return 0;
| }
configure:4146: result: no
configure:4233: checking for mysql_config
configure:4249: found /usr/local/bin/mysql_config
configure:4260: result: yes
configure:4271: checking for mysql_real_connect in -lmysqlclient
configure:4301: gcc -o conftest -g -O2 -g -O2 -I/usr/local/include/mysql  -L/usr/local/lib -L/usr/local/lib -L/usr/local/lib/mysql -lmysqlclient  -pthread -lz -lm conftest.c -lmysqlclient  -lpcap -lpng -liconv -lz -lm  >&5
configure:4307: $? = 0
configure:4311: test -z 
			 || test ! -s conftest.err
configure:4314: $? = 0
configure:4317: test -s conftest
configure:4320: $? = 0
configure:4333: result: yes
configure:4337: checking for mysql_stmt_init in -lmysqlclient
configure:4367: gcc -o conftest -g -O2 -g -O2 -I/usr/local/include/mysql  -L/usr/local/lib -L/usr/local/lib -L/usr/local/lib/mysql -lmysqlclient  -pthread -lz -lm conftest.c -lmysqlclient  -lpcap -lpng -liconv -lz -lm  >&5
configure:4373: $? = 0
configure:4377: test -z 
			 || test ! -s conftest.err
configure:4380: $? = 0
configure:4383: test -s conftest
configure:4386: $? = 0
configure:4399: result: yes
configure:4426: checking for dirent.h that defines DIR
configure:4450: gcc -c -g -O2 -g -O2 -I/usr/local/include/mysql conftest.c >&5
configure:4456: $? = 0
configure:4460: test -z 
			 || test ! -s conftest.err
configure:4463: $? = 0
configure:4466: test -s conftest.o
configure:4469: $? = 0
configure:4480: result: yes
configure:4493: checking for library containing opendir
configure:4523: gcc -o conftest -g -O2 -g -O2 -I/usr/local/include/mysql  -L/usr/local/lib -L/usr/local/lib -L/usr/local/lib/mysql -lmysqlclient  -pthread -lz -lm conftest.c -lmysqlclient -lpcap -lpng -liconv -lz -lm  >&5
configure:4529: $? = 0
configure:4533: test -z 
			 || test ! -s conftest.err
configure:4536: $? = 0
configure:4539: test -s conftest
configure:4542: $? = 0
configure:4612: result: none required
configure:4749: checking for egrep
configure:4759: result: grep -E
configure:4764: checking for ANSI C header files
configure:4789: gcc -c -g -O2 -g -O2 -I/usr/local/include/mysql conftest.c >&5
configure:4795: $? = 0
configure:4799: test -z 
			 || test ! -s conftest.err
configure:4802: $? = 0
configure:4805: test -s conftest.o
configure:4808: $? = 0
configure:4897: gcc -o conftest -g -O2 -g -O2 -I/usr/local/include/mysql  -L/usr/local/lib -L/usr/local/lib -L/usr/local/lib/mysql -lmysqlclient  -pthread -lz -lm conftest.c -lmysqlclient -lpcap -lpng -liconv -lz -lm  >&5
conftest.c: In function 'main':
conftest.c:34: warning: incompatible implicit declaration of built-in function 'exit'
configure:4900: $? = 0
configure:4902: ./conftest
configure:4905: $? = 0
configure:4920: result: yes
configure:4944: checking for sys/types.h
configure:4960: gcc -c -g -O2 -g -O2 -I/usr/local/include/mysql conftest.c >&5
configure:4966: $? = 0
configure:4970: test -z 
			 || test ! -s conftest.err
configure:4973: $? = 0
configure:4976: test -s conftest.o
configure:4979: $? = 0
configure:4990: result: yes
configure:4944: checking for sys/stat.h
configure:4960: gcc -c -g -O2 -g -O2 -I/usr/local/include/mysql conftest.c >&5
configure:4966: $? = 0
configure:4970: test -z 
			 || test ! -s conftest.err
configure:4973: $? = 0
configure:4976: test -s conftest.o
configure:4979: $? = 0
configure:4990: result: yes
configure:4944: checking for stdlib.h
configure:4960: gcc -c -g -O2 -g -O2 -I/usr/local/include/mysql conftest.c >&5
configure:4966: $? = 0
configure:4970: test -z 
			 || test ! -s conftest.err
configure:4973: $? = 0
configure:4976: test -s conftest.o
configure:4979: $? = 0
configure:4990: result: yes
configure:4944: checking for string.h
configure:4960: gcc -c -g -O2 -g -O2 -I/usr/local/include/mysql conftest.c >&5
configure:4966: $? = 0
configure:4970: test -z 
			 || test ! -s conftest.err
configure:4973: $? = 0
configure:4976: test -s conftest.o
configure:4979: $? = 0
configure:4990: result: yes
configure:4944: checking for memory.h
configure:4960: gcc -c -g -O2 -g -O2 -I/usr/local/include/mysql conftest.c >&5
configure:4966: $? = 0
configure:4970: test -z 
			 || test ! -s conftest.err
configure:4973: $? = 0
configure:4976: test -s conftest.o
configure:4979: $? = 0
configure:4990: result: yes
configure:4944: checking for strings.h
configure:4960: gcc -c -g -O2 -g -O2 -I/usr/local/include/mysql conftest.c >&5
configure:4966: $? = 0
configure:4970: test -z 
			 || test ! -s conftest.err
configure:4973: $? = 0
configure:4976: test -s conftest.o
configure:4979: $? = 0
configure:4990: result: yes
configure:4944: checking for inttypes.h
configure:4960: gcc -c -g -O2 -g -O2 -I/usr/local/include/mysql conftest.c >&5
configure:4966: $? = 0
configure:4970: test -z 
			 || test ! -s conftest.err
configure:4973: $? = 0
configure:4976: test -s conftest.o
configure:4979: $? = 0
configure:4990: result: yes
configure:4944: checking for stdint.h
configure:4960: gcc -c -g -O2 -g -O2 -I/usr/local/include/mysql conftest.c >&5
configure:4966: $? = 0
configure:4970: test -z 
			 || test ! -s conftest.err
configure:4973: $? = 0
configure:4976: test -s conftest.o
configure:4979: $? = 0
configure:4990: result: yes
configure:4944: checking for unistd.h
configure:4960: gcc -c -g -O2 -g -O2 -I/usr/local/include/mysql conftest.c >&5
configure:4966: $? = 0
configure:4970: test -z 
			 || test ! -s conftest.err
configure:4973: $? = 0
configure:4976: test -s conftest.o
configure:4979: $? = 0
configure:4990: result: yes
configure:5016: checking gd.h usability
configure:5028: gcc -c -g -O2 -g -O2 -I/usr/local/include/mysql conftest.c >&5
conftest.c:61:16: error: gd.h: No such file or directory
configure:5034: $? = 1
configure: failed program was:
| /* confdefs.h.  */
| 
| #define PACKAGE_NAME ""
| #define PACKAGE_TARNAME ""
| #define PACKAGE_VERSION ""
| #define PACKAGE_STRING ""
| #define PACKAGE_BUGREPORT ""
| #define YYTEXT_POINTER 1
| #define HAVE_LIBM 1
| #define HAVE_LIBZ 1
| #define HAVE_LIBICONV 1
| #define HAVE_LIBPNG 1
| #define HAVE_LIBPCAP 1
| #define HAVE_LIBMYSQLCLIENT 1
| #define HAVE_DIRENT_H 1
| #define STDC_HEADERS 1
| #define HAVE_SYS_TYPES_H 1
| #define HAVE_SYS_STAT_H 1
| #define HAVE_STDLIB_H 1
| #define HAVE_STRING_H 1
| #define HAVE_MEMORY_H 1
| #define HAVE_STRINGS_H 1
| #define HAVE_INTTYPES_H 1
| #define HAVE_STDINT_H 1
| #define HAVE_UNISTD_H 1
| /* end confdefs.h.  */
| #include <stdio.h>
| #if HAVE_SYS_TYPES_H
| # include <sys/types.h>
| #endif
| #if HAVE_SYS_STAT_H
| # include <sys/stat.h>
| #endif
| #if STDC_HEADERS
| # include <stdlib.h>
| # include <stddef.h>
| #else
| # if HAVE_STDLIB_H
| #  include <stdlib.h>
| # endif
| #endif
| #if HAVE_STRING_H
| # if !STDC_HEADERS && HAVE_MEMORY_H
| #  include <memory.h>
| # endif
| # include <string.h>
| #endif
| #if HAVE_STRINGS_H
| # include <strings.h>
| #endif
| #if HAVE_INTTYPES_H
| # include <inttypes.h>
| #else
| # if HAVE_STDINT_H
| #  include <stdint.h>
| # endif
| #endif
| #if HAVE_UNISTD_H
| # include <unistd.h>
| #endif
| #include <gd.h>
configure:5057: result: no
configure:5061: checking gd.h presence
configure:5071: gcc -E -g -O2 -I/usr/local/include/mysql conftest.c
conftest.c:27:16: error: gd.h: No such file or directory
configure:5077: $? = 1
configure: failed program was:
| /* confdefs.h.  */
| 
| #define PACKAGE_NAME ""
| #define PACKAGE_TARNAME ""
| #define PACKAGE_VERSION ""
| #define PACKAGE_STRING ""
| #define PACKAGE_BUGREPORT ""
| #define YYTEXT_POINTER 1
| #define HAVE_LIBM 1
| #define HAVE_LIBZ 1
| #define HAVE_LIBICONV 1
| #define HAVE_LIBPNG 1
| #define HAVE_LIBPCAP 1
| #define HAVE_LIBMYSQLCLIENT 1
| #define HAVE_DIRENT_H 1
| #define STDC_HEADERS 1
| #define HAVE_SYS_TYPES_H 1
| #define HAVE_SYS_STAT_H 1
| #define HAVE_STDLIB_H 1
| #define HAVE_STRING_H 1
| #define HAVE_MEMORY_H 1
| #define HAVE_STRINGS_H 1
| #define HAVE_INTTYPES_H 1
| #define HAVE_STDINT_H 1
| #define HAVE_UNISTD_H 1
| /* end confdefs.h.  */
| #include <gd.h>
configure:5097: result: no
configure:5132: checking for gd.h
configure:5139: result: no
configure:5163: checking gd/gd.h usability
configure:5175: gcc -c -g -O2 -g -O2 -I/usr/local/include/mysql conftest.c >&5
conftest.c:61:19: error: gd/gd.h: No such file or directory
configure:5181: $? = 1
configure: failed program was:
| /* confdefs.h.  */
| 
| #define PACKAGE_NAME ""
| #define PACKAGE_TARNAME ""
| #define PACKAGE_VERSION ""
| #define PACKAGE_STRING ""
| #define PACKAGE_BUGREPORT ""
| #define YYTEXT_POINTER 1
| #define HAVE_LIBM 1
| #define HAVE_LIBZ 1
| #define HAVE_LIBICONV 1
| #define HAVE_LIBPNG 1
| #define HAVE_LIBPCAP 1
| #define HAVE_LIBMYSQLCLIENT 1
| #define HAVE_DIRENT_H 1
| #define STDC_HEADERS 1
| #define HAVE_SYS_TYPES_H 1
| #define HAVE_SYS_STAT_H 1
| #define HAVE_STDLIB_H 1
| #define HAVE_STRING_H 1
| #define HAVE_MEMORY_H 1
| #define HAVE_STRINGS_H 1
| #define HAVE_INTTYPES_H 1
| #define HAVE_STDINT_H 1
| #define HAVE_UNISTD_H 1
| /* end confdefs.h.  */
| #include <stdio.h>
| #if HAVE_SYS_TYPES_H
| # include <sys/types.h>
| #endif
| #if HAVE_SYS_STAT_H
| # include <sys/stat.h>
| #endif
| #if STDC_HEADERS
| # include <stdlib.h>
| # include <stddef.h>
| #else
| # if HAVE_STDLIB_H
| #  include <stdlib.h>
| # endif
| #endif
| #if HAVE_STRING_H
| # if !STDC_HEADERS && HAVE_MEMORY_H
| #  include <memory.h>
| # endif
| # include <string.h>
| #endif
| #if HAVE_STRINGS_H
| # include <strings.h>
| #endif
| #if HAVE_INTTYPES_H
| # include <inttypes.h>
| #else
| # if HAVE_STDINT_H
| #  include <stdint.h>
| # endif
| #endif
| #if HAVE_UNISTD_H
| # include <unistd.h>
| #endif
| #include <gd/gd.h>
configure:5204: result: no
configure:5208: checking gd/gd.h presence
configure:5218: gcc -E -g -O2 -I/usr/local/include/mysql conftest.c
conftest.c:27:19: error: gd/gd.h: No such file or directory
configure:5224: $? = 1
configure: failed program was:
| /* confdefs.h.  */
| 
| #define PACKAGE_NAME ""
| #define PACKAGE_TARNAME ""
| #define PACKAGE_VERSION ""
| #define PACKAGE_STRING ""
| #define PACKAGE_BUGREPORT ""
| #define YYTEXT_POINTER 1
| #define HAVE_LIBM 1
| #define HAVE_LIBZ 1
| #define HAVE_LIBICONV 1
| #define HAVE_LIBPNG 1
| #define HAVE_LIBPCAP 1
| #define HAVE_LIBMYSQLCLIENT 1
| #define HAVE_DIRENT_H 1
| #define STDC_HEADERS 1
| #define HAVE_SYS_TYPES_H 1
| #define HAVE_SYS_STAT_H 1
| #define HAVE_STDLIB_H 1
| #define HAVE_STRING_H 1
| #define HAVE_MEMORY_H 1
| #define HAVE_STRINGS_H 1
| #define HAVE_INTTYPES_H 1
| #define HAVE_STDINT_H 1
| #define HAVE_UNISTD_H 1
| /* end confdefs.h.  */
| #include <gd/gd.h>
configure:5244: result: no
configure:5279: checking for gd/gd.h
configure:5286: result: no
configure:5318: checking gdfonts.h usability
configure:5330: gcc -c -g -O2 -g -O2 -I/usr/local/include/mysql conftest.c >&5
conftest.c:61:21: error: gdfonts.h: No such file or directory
configure:5336: $? = 1
configure: failed program was:
| /* confdefs.h.  */
| 
| #define PACKAGE_NAME ""
| #define PACKAGE_TARNAME ""
| #define PACKAGE_VERSION ""
| #define PACKAGE_STRING ""
| #define PACKAGE_BUGREPORT ""
| #define YYTEXT_POINTER 1
| #define HAVE_LIBM 1
| #define HAVE_LIBZ 1
| #define HAVE_LIBICONV 1
| #define HAVE_LIBPNG 1
| #define HAVE_LIBPCAP 1
| #define HAVE_LIBMYSQLCLIENT 1
| #define HAVE_DIRENT_H 1
| #define STDC_HEADERS 1
| #define HAVE_SYS_TYPES_H 1
| #define HAVE_SYS_STAT_H 1
| #define HAVE_STDLIB_H 1
| #define HAVE_STRING_H 1
| #define HAVE_MEMORY_H 1
| #define HAVE_STRINGS_H 1
| #define HAVE_INTTYPES_H 1
| #define HAVE_STDINT_H 1
| #define HAVE_UNISTD_H 1
| /* end confdefs.h.  */
| #include <stdio.h>
| #if HAVE_SYS_TYPES_H
| # include <sys/types.h>
| #endif
| #if HAVE_SYS_STAT_H
| # include <sys/stat.h>
| #endif
| #if STDC_HEADERS
| # include <stdlib.h>
| # include <stddef.h>
| #else
| # if HAVE_STDLIB_H
| #  include <stdlib.h>
| # endif
| #endif
| #if HAVE_STRING_H
| # if !STDC_HEADERS && HAVE_MEMORY_H
| #  include <memory.h>
| # endif
| # include <string.h>
| #endif
| #if HAVE_STRINGS_H
| # include <strings.h>
| #endif
| #if HAVE_INTTYPES_H
| # include <inttypes.h>
| #else
| # if HAVE_STDINT_H
| #  include <stdint.h>
| # endif
| #endif
| #if HAVE_UNISTD_H
| # include <unistd.h>
| #endif
| #include <gdfonts.h>
configure:5359: result: no
configure:5363: checking gdfonts.h presence
configure:5373: gcc -E -g -O2 -I/usr/local/include/mysql conftest.c
conftest.c:27:21: error: gdfonts.h: No such file or directory
configure:5379: $? = 1
configure: failed program was:
| /* confdefs.h.  */
| 
| #define PACKAGE_NAME ""
| #define PACKAGE_TARNAME ""
| #define PACKAGE_VERSION ""
| #define PACKAGE_STRING ""
| #define PACKAGE_BUGREPORT ""
| #define YYTEXT_POINTER 1
| #define HAVE_LIBM 1
| #define HAVE_LIBZ 1
| #define HAVE_LIBICONV 1
| #define HAVE_LIBPNG 1
| #define HAVE_LIBPCAP 1
| #define HAVE_LIBMYSQLCLIENT 1
| #define HAVE_DIRENT_H 1
| #define STDC_HEADERS 1
| #define HAVE_SYS_TYPES_H 1
| #define HAVE_SYS_STAT_H 1
| #define HAVE_STDLIB_H 1
| #define HAVE_STRING_H 1
| #define HAVE_MEMORY_H 1
| #define HAVE_STRINGS_H 1
| #define HAVE_INTTYPES_H 1
| #define HAVE_STDINT_H 1
| #define HAVE_UNISTD_H 1
| /* end confdefs.h.  */
| #include <gdfonts.h>
configure:5399: result: no
configure:5434: checking for gdfonts.h
configure:5441: result: no
configure:5465: checking gd/gdfonts.h usability
configure:5477: gcc -c -g -O2 -g -O2 -I/usr/local/include/mysql conftest.c >&5
conftest.c:61:24: error: gd/gdfonts.h: No such file or directory
configure:5483: $? = 1
configure: failed program was:
| /* confdefs.h.  */
| 
| #define PACKAGE_NAME ""
| #define PACKAGE_TARNAME ""
| #define PACKAGE_VERSION ""
| #define PACKAGE_STRING ""
| #define PACKAGE_BUGREPORT ""
| #define YYTEXT_POINTER 1
| #define HAVE_LIBM 1
| #define HAVE_LIBZ 1
| #define HAVE_LIBICONV 1
| #define HAVE_LIBPNG 1
| #define HAVE_LIBPCAP 1
| #define HAVE_LIBMYSQLCLIENT 1
| #define HAVE_DIRENT_H 1
| #define STDC_HEADERS 1
| #define HAVE_SYS_TYPES_H 1
| #define HAVE_SYS_STAT_H 1
| #define HAVE_STDLIB_H 1
| #define HAVE_STRING_H 1
| #define HAVE_MEMORY_H 1
| #define HAVE_STRINGS_H 1
| #define HAVE_INTTYPES_H 1
| #define HAVE_STDINT_H 1
| #define HAVE_UNISTD_H 1
| /* end confdefs.h.  */
| #include <stdio.h>
| #if HAVE_SYS_TYPES_H
| # include <sys/types.h>
| #endif
| #if HAVE_SYS_STAT_H
| # include <sys/stat.h>
| #endif
| #if STDC_HEADERS
| # include <stdlib.h>
| # include <stddef.h>
| #else
| # if HAVE_STDLIB_H
| #  include <stdlib.h>
| # endif
| #endif
| #if HAVE_STRING_H
| # if !STDC_HEADERS && HAVE_MEMORY_H
| #  include <memory.h>
| # endif
| # include <string.h>
| #endif
| #if HAVE_STRINGS_H
| # include <strings.h>
| #endif
| #if HAVE_INTTYPES_H
| # include <inttypes.h>
| #else
| # if HAVE_STDINT_H
| #  include <stdint.h>
| # endif
| #endif
| #if HAVE_UNISTD_H
| # include <unistd.h>
| #endif
| #include <gd/gdfonts.h>
configure:5506: result: no
configure:5510: checking gd/gdfonts.h presence
configure:5520: gcc -E -g -O2 -I/usr/local/include/mysql conftest.c
conftest.c:27:24: error: gd/gdfonts.h: No such file or directory
configure:5526: $? = 1
configure: failed program was:
| /* confdefs.h.  */
| 
| #define PACKAGE_NAME ""
| #define PACKAGE_TARNAME ""
| #define PACKAGE_VERSION ""
| #define PACKAGE_STRING ""
| #define PACKAGE_BUGREPORT ""
| #define YYTEXT_POINTER 1
| #define HAVE_LIBM 1
| #define HAVE_LIBZ 1
| #define HAVE_LIBICONV 1
| #define HAVE_LIBPNG 1
| #define HAVE_LIBPCAP 1
| #define HAVE_LIBMYSQLCLIENT 1
| #define HAVE_DIRENT_H 1
| #define STDC_HEADERS 1
| #define HAVE_SYS_TYPES_H 1
| #define HAVE_SYS_STAT_H 1
| #define HAVE_STDLIB_H 1
| #define HAVE_STRING_H 1
| #define HAVE_MEMORY_H 1
| #define HAVE_STRINGS_H 1
| #define HAVE_INTTYPES_H 1
| #define HAVE_STDINT_H 1
| #define HAVE_UNISTD_H 1
| /* end confdefs.h.  */
| #include <gd/gdfonts.h>
configure:5546: result: no
configure:5581: checking for gd/gdfonts.h
configure:5588: result: no
configure:5620: checking pcap.h usability
configure:5632: gcc -c -g -O2 -g -O2 -I/usr/local/include/mysql conftest.c >&5
configure:5638: $? = 0
configure:5642: test -z 
			 || test ! -s conftest.err
configure:5645: $? = 0
configure:5648: test -s conftest.o
configure:5651: $? = 0
configure:5661: result: yes
configure:5665: checking pcap.h presence
configure:5675: gcc -E -g -O2 -I/usr/local/include/mysql conftest.c
configure:5681: $? = 0
configure:5701: result: yes
configure:5736: checking for pcap.h
configure:5743: result: yes
configure:5786: checking arpa/inet.h usability
configure:5798: gcc -c -g -O2 -g -O2 -I/usr/local/include/mysql conftest.c >&5
configure:5804: $? = 0
configure:5808: test -z 
			 || test ! -s conftest.err
configure:5811: $? = 0
configure:5814: test -s conftest.o
configure:5817: $? = 0
configure:5827: result: yes
configure:5831: checking arpa/inet.h presence
configure:5841: gcc -E -g -O2 -I/usr/local/include/mysql conftest.c
configure:5847: $? = 0
configure:5867: result: yes
configure:5902: checking for arpa/inet.h
configure:5909: result: yes
configure:5786: checking errno.h usability
configure:5798: gcc -c -g -O2 -g -O2 -I/usr/local/include/mysql conftest.c >&5
configure:5804: $? = 0
configure:5808: test -z 
			 || test ! -s conftest.err
configure:5811: $? = 0
configure:5814: test -s conftest.o
configure:5817: $? = 0
configure:5827: result: yes
configure:5831: checking errno.h presence
configure:5841: gcc -E -g -O2 -I/usr/local/include/mysql conftest.c
configure:5847: $? = 0
configure:5867: result: yes
configure:5902: checking for errno.h
configure:5909: result: yes
configure:5786: checking netdb.h usability
configure:5798: gcc -c -g -O2 -g -O2 -I/usr/local/include/mysql conftest.c >&5
configure:5804: $? = 0
configure:5808: test -z 
			 || test ! -s conftest.err
configure:5811: $? = 0
configure:5814: test -s conftest.o
configure:5817: $? = 0
configure:5827: result: yes
configure:5831: checking netdb.h presence
configure:5841: gcc -E -g -O2 -I/usr/local/include/mysql conftest.c
configure:5847: $? = 0
configure:5867: result: yes
configure:5902: checking for netdb.h
configure:5909: result: yes
configure:5786: checking netinet/in.h usability
configure:5798: gcc -c -g -O2 -g -O2 -I/usr/local/include/mysql conftest.c >&5
configure:5804: $? = 0
configure:5808: test -z 
			 || test ! -s conftest.err
configure:5811: $? = 0
configure:5814: test -s conftest.o
configure:5817: $? = 0
configure:5827: result: yes
configure:5831: checking netinet/in.h presence
configure:5841: gcc -E -g -O2 -I/usr/local/include/mysql conftest.c
configure:5847: $? = 0
configure:5867: result: yes
configure:5902: checking for netinet/in.h
configure:5909: result: yes
configure:5786: checking stddef.h usability
configure:5798: gcc -c -g -O2 -g -O2 -I/usr/local/include/mysql conftest.c >&5
configure:5804: $? = 0
configure:5808: test -z 
			 || test ! -s conftest.err
configure:5811: $? = 0
configure:5814: test -s conftest.o
configure:5817: $? = 0
configure:5827: result: yes
configure:5831: checking stddef.h presence
configure:5841: gcc -E -g -O2 -I/usr/local/include/mysql conftest.c
configure:5847: $? = 0
configure:5867: result: yes
configure:5902: checking for stddef.h
configure:5909: result: yes
configure:5777: checking for stdlib.h
configure:5782: result: yes
configure:5777: checking for string.h
configure:5782: result: yes
configure:5786: checking sys/socket.h usability
configure:5798: gcc -c -g -O2 -g -O2 -I/usr/local/include/mysql conftest.c >&5
configure:5804: $? = 0
configure:5808: test -z 
			 || test ! -s conftest.err
configure:5811: $? = 0
configure:5814: test -s conftest.o
configure:5817: $? = 0
configure:5827: result: yes
configure:5831: checking sys/socket.h presence
configure:5841: gcc -E -g -O2 -I/usr/local/include/mysql conftest.c
configure:5847: $? = 0
configure:5867: result: yes
configure:5902: checking for sys/socket.h
configure:5909: result: yes
configure:5786: checking sys/time.h usability
configure:5798: gcc -c -g -O2 -g -O2 -I/usr/local/include/mysql conftest.c >&5
configure:5804: $? = 0
configure:5808: test -z 
			 || test ! -s conftest.err
configure:5811: $? = 0
configure:5814: test -s conftest.o
configure:5817: $? = 0
configure:5827: result: yes
configure:5831: checking sys/time.h presence
configure:5841: gcc -E -g -O2 -I/usr/local/include/mysql conftest.c
configure:5847: $? = 0
configure:5867: result: yes
configure:5902: checking for sys/time.h
configure:5909: result: yes
configure:5786: checking sys/wait.h usability
configure:5798: gcc -c -g -O2 -g -O2 -I/usr/local/include/mysql conftest.c >&5
configure:5804: $? = 0
configure:5808: test -z 
			 || test ! -s conftest.err
configure:5811: $? = 0
configure:5814: test -s conftest.o
configure:5817: $? = 0
configure:5827: result: yes
configure:5831: checking sys/wait.h presence
configure:5841: gcc -E -g -O2 -I/usr/local/include/mysql conftest.c
configure:5847: $? = 0
configure:5867: result: yes
configure:5902: checking for sys/wait.h
configure:5909: result: yes
configure:5786: checking syslog.h usability
configure:5798: gcc -c -g -O2 -g -O2 -I/usr/local/include/mysql conftest.c >&5
configure:5804: $? = 0
configure:5808: test -z 
			 || test ! -s conftest.err
configure:5811: $? = 0
configure:5814: test -s conftest.o
configure:5817: $? = 0
configure:5827: result: yes
configure:5831: checking syslog.h presence
configure:5841: gcc -E -g -O2 -I/usr/local/include/mysql conftest.c
configure:5847: $? = 0
configure:5867: result: yes
configure:5902: checking for syslog.h
configure:5909: result: yes
configure:5777: checking for unistd.h
configure:5782: result: yes
configure:5943: checking mysql.h usability
configure:5955: gcc -c -g -O2 -g -O2 -I/usr/local/include/mysql conftest.c >&5
configure:5961: $? = 0
configure:5965: test -z 
			 || test ! -s conftest.err
configure:5968: $? = 0
configure:5971: test -s conftest.o
configure:5974: $? = 0
configure:5984: result: yes
configure:5988: checking mysql.h presence
configure:5998: gcc -E -g -O2 -I/usr/local/include/mysql conftest.c
configure:6004: $? = 0
configure:6024: result: yes
configure:6059: checking for mysql.h
configure:6066: result: yes
configure:5943: checking errmsg.h usability
configure:5955: gcc -c -g -O2 -g -O2 -I/usr/local/include/mysql conftest.c >&5
configure:5961: $? = 0
configure:5965: test -z 
			 || test ! -s conftest.err
configure:5968: $? = 0
configure:5971: test -s conftest.o
configure:5974: $? = 0
configure:5984: result: yes
configure:5988: checking errmsg.h presence
configure:5998: gcc -E -g -O2 -I/usr/local/include/mysql conftest.c
configure:6004: $? = 0
configure:6024: result: yes
configure:6059: checking for errmsg.h
configure:6066: result: yes
configure:6100: checking arpa/nameser.h usability
configure:6112: gcc -c -g -O2 -g -O2 -I/usr/local/include/mysql conftest.c >&5
configure:6118: $? = 0
configure:6122: test -z 
			 || test ! -s conftest.err
configure:6125: $? = 0
configure:6128: test -s conftest.o
configure:6131: $? = 0
configure:6141: result: yes
configure:6145: checking arpa/nameser.h presence
configure:6155: gcc -E -g -O2 -I/usr/local/include/mysql conftest.c
configure:6161: $? = 0
configure:6181: result: yes
configure:6216: checking for arpa/nameser.h
configure:6223: result: yes
configure:6240: checking for resolv.h
configure:6257: gcc -c -g -O2 -g -O2 -I/usr/local/include/mysql conftest.c >&5
configure:6263: $? = 0
configure:6267: test -z 
			 || test ! -s conftest.err
configure:6270: $? = 0
configure:6273: test -s conftest.o
configure:6276: $? = 0
configure:6287: result: yes
configure:6301: checking for an ANSI C-conforming const
configure:6368: gcc -c -g -O2 -g -O2 -I/usr/local/include/mysql conftest.c >&5
configure:6374: $? = 0
configure:6378: test -z 
			 || test ! -s conftest.err
configure:6381: $? = 0
configure:6384: test -s conftest.o
configure:6387: $? = 0
configure:6398: result: yes
configure:6408: checking for inline
configure:6429: gcc -c -g -O2 -g -O2 -I/usr/local/include/mysql conftest.c >&5
configure:6435: $? = 0
configure:6439: test -z 
			 || test ! -s conftest.err
configure:6442: $? = 0
configure:6445: test -s conftest.o
configure:6448: $? = 0
configure:6460: result: inline
configure:6479: checking for pid_t
configure:6503: gcc -c -g -O2 -g -O2 -I/usr/local/include/mysql conftest.c >&5
configure:6509: $? = 0
configure:6513: test -z 
			 || test ! -s conftest.err
configure:6516: $? = 0
configure:6519: test -s conftest.o
configure:6522: $? = 0
configure:6533: result: yes
configure:6545: checking for size_t
configure:6569: gcc -c -g -O2 -g -O2 -I/usr/local/include/mysql conftest.c >&5
configure:6575: $? = 0
configure:6579: test -z 
			 || test ! -s conftest.err
configure:6582: $? = 0
configure:6585: test -s conftest.o
configure:6588: $? = 0
configure:6599: result: yes
configure:6611: checking whether struct tm is in sys/time.h or time.h
configure:6634: gcc -c -g -O2 -g -O2 -I/usr/local/include/mysql conftest.c >&5
configure:6640: $? = 0
configure:6644: test -z 
			 || test ! -s conftest.err
configure:6647: $? = 0
configure:6650: test -s conftest.o
configure:6653: $? = 0
configure:6664: result: time.h
configure:6676: checking for struct tcphdr.source
configure:6700: gcc -c -g -O2 -g -O2 -I/usr/local/include/mysql conftest.c >&5
conftest.c: In function 'main':
conftest.c:50: error: 'struct tcphdr' has no member named 'source'
configure:6706: $? = 1
configure: failed program was:
| /* confdefs.h.  */
| 
| #define PACKAGE_NAME ""
| #define PACKAGE_TARNAME ""
| #define PACKAGE_VERSION ""
| #define PACKAGE_STRING ""
| #define PACKAGE_BUGREPORT ""
| #define YYTEXT_POINTER 1
| #define HAVE_LIBM 1
| #define HAVE_LIBZ 1
| #define HAVE_LIBICONV 1
| #define HAVE_LIBPNG 1
| #define HAVE_LIBPCAP 1
| #define HAVE_LIBMYSQLCLIENT 1
| #define HAVE_DIRENT_H 1
| #define STDC_HEADERS 1
| #define HAVE_SYS_TYPES_H 1
| #define HAVE_SYS_STAT_H 1
| #define HAVE_STDLIB_H 1
| #define HAVE_STRING_H 1
| #define HAVE_MEMORY_H 1
| #define HAVE_STRINGS_H 1
| #define HAVE_INTTYPES_H 1
| #define HAVE_STDINT_H 1
| #define HAVE_UNISTD_H 1
| #define HAVE_PCAP_H 1
| #define HAVE_ARPA_INET_H 1
| #define HAVE_ERRNO_H 1
| #define HAVE_NETDB_H 1
| #define HAVE_NETINET_IN_H 1
| #define HAVE_STDDEF_H 1
| #define HAVE_STDLIB_H 1
| #define HAVE_STRING_H 1
| #define HAVE_SYS_SOCKET_H 1
| #define HAVE_SYS_TIME_H 1
| #define HAVE_SYS_WAIT_H 1
| #define HAVE_SYSLOG_H 1
| #define HAVE_UNISTD_H 1
| #define HAVE_MYSQL_H 1
| #define HAVE_ERRMSG_H 1
| #define HAVE_ARPA_NAMESER_H 1
| #define HAVE_RESOLV_H 1
| /* end confdefs.h.  */
| #include "bandwidthd.h"
| 
| int
| main ()
| {
| static struct tcphdr ac_aggr;
| if (ac_aggr.source)
| return 0;
|   ;
|   return 0;
| }
configure:6745: gcc -c -g -O2 -g -O2 -I/usr/local/include/mysql conftest.c >&5
conftest.c: In function 'main':
conftest.c:50: error: 'struct tcphdr' has no member named 'source'
configure:6751: $? = 1
configure: failed program was:
| /* confdefs.h.  */
| 
| #define PACKAGE_NAME ""
| #define PACKAGE_TARNAME ""
| #define PACKAGE_VERSION ""
| #define PACKAGE_STRING ""
| #define PACKAGE_BUGREPORT ""
| #define YYTEXT_POINTER 1
| #define HAVE_LIBM 1
| #define HAVE_LIBZ 1
| #define HAVE_LIBICONV 1
| #define HAVE_LIBPNG 1
| #define HAVE_LIBPCAP 1
| #define HAVE_LIBMYSQLCLIENT 1
| #define HAVE_DIRENT_H 1
| #define STDC_HEADERS 1
| #define HAVE_SYS_TYPES_H 1
| #define HAVE_SYS_STAT_H 1
| #define HAVE_STDLIB_H 1
| #define HAVE_STRING_H 1
| #define HAVE_MEMORY_H 1
| #define HAVE_STRINGS_H 1
| #define HAVE_INTTYPES_H 1
| #define HAVE_STDINT_H 1
| #define HAVE_UNISTD_H 1
| #define HAVE_PCAP_H 1
| #define HAVE_ARPA_INET_H 1
| #define HAVE_ERRNO_H 1
| #define HAVE_NETDB_H 1
| #define HAVE_NETINET_IN_H 1
| #define HAVE_STDDEF_H 1
| #define HAVE_STDLIB_H 1
| #define HAVE_STRING_H 1
| #define HAVE_SYS_SOCKET_H 1
| #define HAVE_SYS_TIME_H 1
| #define HAVE_SYS_WAIT_H 1
| #define HAVE_SYSLOG_H 1
| #define HAVE_UNISTD_H 1
| #define HAVE_MYSQL_H 1
| #define HAVE_ERRMSG_H 1
| #define HAVE_ARPA_NAMESER_H 1
| #define HAVE_RESOLV_H 1
| /* end confdefs.h.  */
| #include "bandwidthd.h"
| 
| int
| main ()
| {
| static struct tcphdr ac_aggr;
| if (sizeof ac_aggr.source)
| return 0;
|   ;
|   return 0;
| }
configure:6777: result: no
configure:6783: checking for struct tcphdr.th_sport
configure:6807: gcc -c -g -O2 -g -O2 -I/usr/local/include/mysql conftest.c >&5
configure:6813: $? = 0
configure:6817: test -z 
			 || test ! -s conftest.err
configure:6820: $? = 0
configure:6823: test -s conftest.o
configure:6826: $? = 0
configure:6884: result: yes
configure:6902: checking for struct tcphdr.dest
configure:6926: gcc -c -g -O2 -g -O2 -I/usr/local/include/mysql conftest.c >&5
conftest.c: In function 'main':
conftest.c:51: error: 'struct tcphdr' has no member named 'dest'
configure:6932: $? = 1
configure: failed program was:
| /* confdefs.h.  */
| 
| #define PACKAGE_NAME ""
| #define PACKAGE_TARNAME ""
| #define PACKAGE_VERSION ""
| #define PACKAGE_STRING ""
| #define PACKAGE_BUGREPORT ""
| #define YYTEXT_POINTER 1
| #define HAVE_LIBM 1
| #define HAVE_LIBZ 1
| #define HAVE_LIBICONV 1
| #define HAVE_LIBPNG 1
| #define HAVE_LIBPCAP 1
| #define HAVE_LIBMYSQLCLIENT 1
| #define HAVE_DIRENT_H 1
| #define STDC_HEADERS 1
| #define HAVE_SYS_TYPES_H 1
| #define HAVE_SYS_STAT_H 1
| #define HAVE_STDLIB_H 1
| #define HAVE_STRING_H 1
| #define HAVE_MEMORY_H 1
| #define HAVE_STRINGS_H 1
| #define HAVE_INTTYPES_H 1
| #define HAVE_STDINT_H 1
| #define HAVE_UNISTD_H 1
| #define HAVE_PCAP_H 1
| #define HAVE_ARPA_INET_H 1
| #define HAVE_ERRNO_H 1
| #define HAVE_NETDB_H 1
| #define HAVE_NETINET_IN_H 1
| #define HAVE_STDDEF_H 1
| #define HAVE_STDLIB_H 1
| #define HAVE_STRING_H 1
| #define HAVE_SYS_SOCKET_H 1
| #define HAVE_SYS_TIME_H 1
| #define HAVE_SYS_WAIT_H 1
| #define HAVE_SYSLOG_H 1
| #define HAVE_UNISTD_H 1
| #define HAVE_MYSQL_H 1
| #define HAVE_ERRMSG_H 1
| #define HAVE_ARPA_NAMESER_H 1
| #define HAVE_RESOLV_H 1
| #define TCPHDR_SPORT th_sport
| /* end confdefs.h.  */
| #include "bandwidthd.h"
| 
| int
| main ()
| {
| static struct tcphdr ac_aggr;
| if (ac_aggr.dest)
| return 0;
|   ;
|   return 0;
| }
configure:6971: gcc -c -g -O2 -g -O2 -I/usr/local/include/mysql conftest.c >&5
conftest.c: In function 'main':
conftest.c:51: error: 'struct tcphdr' has no member named 'dest'
configure:6977: $? = 1
configure: failed program was:
| /* confdefs.h.  */
| 
| #define PACKAGE_NAME ""
| #define PACKAGE_TARNAME ""
| #define PACKAGE_VERSION ""
| #define PACKAGE_STRING ""
| #define PACKAGE_BUGREPORT ""
| #define YYTEXT_POINTER 1
| #define HAVE_LIBM 1
| #define HAVE_LIBZ 1
| #define HAVE_LIBICONV 1
| #define HAVE_LIBPNG 1
| #define HAVE_LIBPCAP 1
| #define HAVE_LIBMYSQLCLIENT 1
| #define HAVE_DIRENT_H 1
| #define STDC_HEADERS 1
| #define HAVE_SYS_TYPES_H 1
| #define HAVE_SYS_STAT_H 1
| #define HAVE_STDLIB_H 1
| #define HAVE_STRING_H 1
| #define HAVE_MEMORY_H 1
| #define HAVE_STRINGS_H 1
| #define HAVE_INTTYPES_H 1
| #define HAVE_STDINT_H 1
| #define HAVE_UNISTD_H 1
| #define HAVE_PCAP_H 1
| #define HAVE_ARPA_INET_H 1
| #define HAVE_ERRNO_H 1
| #define HAVE_NETDB_H 1
| #define HAVE_NETINET_IN_H 1
| #define HAVE_STDDEF_H 1
| #define HAVE_STDLIB_H 1
| #define HAVE_STRING_H 1
| #define HAVE_SYS_SOCKET_H 1
| #define HAVE_SYS_TIME_H 1
| #define HAVE_SYS_WAIT_H 1
| #define HAVE_SYSLOG_H 1
| #define HAVE_UNISTD_H 1
| #define HAVE_MYSQL_H 1
| #define HAVE_ERRMSG_H 1
| #define HAVE_ARPA_NAMESER_H 1
| #define HAVE_RESOLV_H 1
| #define TCPHDR_SPORT th_sport
| /* end confdefs.h.  */
| #include "bandwidthd.h"
| 
| int
| main ()
| {
| static struct tcphdr ac_aggr;
| if (sizeof ac_aggr.dest)
| return 0;
|   ;
|   return 0;
| }
configure:7003: result: no
configure:7009: checking for struct tcphdr.th_dport
configure:7033: gcc -c -g -O2 -g -O2 -I/usr/local/include/mysql conftest.c >&5
configure:7039: $? = 0
configure:7043: test -z 
			 || test ! -s conftest.err
configure:7046: $? = 0
configure:7049: test -s conftest.o
configure:7052: $? = 0
configure:7110: result: yes
configure:7134: checking for stdlib.h
configure:7139: result: yes
configure:7279: checking for GNU libc compatible malloc
configure:7308: gcc -o conftest -g -O2 -g -O2 -I/usr/local/include/mysql  -L/usr/local/lib -L/usr/local/lib -L/usr/local/lib/mysql -lmysqlclient  -pthread -lz -lm conftest.c -lmysqlclient -lpcap -lpng -liconv -lz -lm  >&5
configure:7311: $? = 0
configure:7313: ./conftest
configure:7316: $? = 0
configure:7330: result: yes
configure:7360: checking for ANSI C header files
configure:7516: result: yes
configure:7526: checking whether time.h and sys/time.h may both be included
configure:7551: gcc -c -g -O2 -g -O2 -I/usr/local/include/mysql conftest.c >&5
configure:7557: $? = 0
configure:7561: test -z 
			 || test ! -s conftest.err
configure:7564: $? = 0
configure:7567: test -s conftest.o
configure:7570: $? = 0
configure:7581: result: yes
configure:7598: checking for stdlib.h
configure:7603: result: yes
configure:7598: checking for sys/time.h
configure:7603: result: yes
configure:7598: checking for unistd.h
configure:7603: result: yes
configure:7747: checking for alarm
configure:7804: gcc -o conftest -g -O2 -g -O2 -I/usr/local/include/mysql  -L/usr/local/lib -L/usr/local/lib -L/usr/local/lib/mysql -lmysqlclient  -pthread -lz -lm conftest.c -lmysqlclient -lpcap -lpng -liconv -lz -lm  >&5
configure:7810: $? = 0
configure:7814: test -z 
			 || test ! -s conftest.err
configure:7817: $? = 0
configure:7820: test -s conftest
configure:7823: $? = 0
configure:7835: result: yes
configure:7845: checking for working mktime
configure:8021: gcc -o conftest -g -O2 -g -O2 -I/usr/local/include/mysql  -L/usr/local/lib -L/usr/local/lib -L/usr/local/lib/mysql -lmysqlclient  -pthread -lz -lm conftest.c -lmysqlclient -lpcap -lpng -liconv -lz -lm  >&5
configure:8024: $? = 0
configure:8026: ./conftest
configure:8029: $? = 1
configure: program exited with status 1
configure: failed program was:
| /* confdefs.h.  */
| 
| #define PACKAGE_NAME ""
| #define PACKAGE_TARNAME ""
| #define PACKAGE_VERSION ""
| #define PACKAGE_STRING ""
| #define PACKAGE_BUGREPORT ""
| #define YYTEXT_POINTER 1
| #define HAVE_LIBM 1
| #define HAVE_LIBZ 1
| #define HAVE_LIBICONV 1
| #define HAVE_LIBPNG 1
| #define HAVE_LIBPCAP 1
| #define HAVE_LIBMYSQLCLIENT 1
| #define HAVE_DIRENT_H 1
| #define STDC_HEADERS 1
| #define HAVE_SYS_TYPES_H 1
| #define HAVE_SYS_STAT_H 1
| #define HAVE_STDLIB_H 1
| #define HAVE_STRING_H 1
| #define HAVE_MEMORY_H 1
| #define HAVE_STRINGS_H 1
| #define HAVE_INTTYPES_H 1
| #define HAVE_STDINT_H 1
| #define HAVE_UNISTD_H 1
| #define HAVE_PCAP_H 1
| #define HAVE_ARPA_INET_H 1
| #define HAVE_ERRNO_H 1
| #define HAVE_NETDB_H 1
| #define HAVE_NETINET_IN_H 1
| #define HAVE_STDDEF_H 1
| #define HAVE_STDLIB_H 1
| #define HAVE_STRING_H 1
| #define HAVE_SYS_SOCKET_H 1
| #define HAVE_SYS_TIME_H 1
| #define HAVE_SYS_WAIT_H 1
| #define HAVE_SYSLOG_H 1
| #define HAVE_UNISTD_H 1
| #define HAVE_MYSQL_H 1
| #define HAVE_ERRMSG_H 1
| #define HAVE_ARPA_NAMESER_H 1
| #define HAVE_RESOLV_H 1
| #define TCPHDR_SPORT th_sport
| #define TCPHDR_DPORT th_dport
| #define HAVE_STDLIB_H 1
| #define HAVE_MALLOC 1
| #define STDC_HEADERS 1
| #define TIME_WITH_SYS_TIME 1
| #define HAVE_STDLIB_H 1
| #define HAVE_SYS_TIME_H 1
| #define HAVE_UNISTD_H 1
| #define HAVE_ALARM 1
| /* end confdefs.h.  */
| /* Test program from Paul Eggert and Tony Leneis.  */
| #if TIME_WITH_SYS_TIME
| # include <sys/time.h>
| # include <time.h>
| #else
| # if HAVE_SYS_TIME_H
| #  include <sys/time.h>
| # else
| #  include <time.h>
| # endif
| #endif
| 
| #if HAVE_STDLIB_H
| # include <stdlib.h>
| #endif
| 
| #if HAVE_UNISTD_H
| # include <unistd.h>
| #endif
| 
| #if !HAVE_ALARM
| # define alarm(X) /* empty */
| #endif
| 
| /* Work around redefinition to rpl_putenv by other config tests.  */
| #undef putenv
| 
| static time_t time_t_max;
| static time_t time_t_min;
| 
| /* Values we'll use to set the TZ environment variable.  */
| static char *tz_strings[] = {
|   (char *) 0, "TZ=GMT0", "TZ=JST-9",
|   "TZ=EST+3EDT+2,M10.1.0/00:00:00,M2.3.0/00:00:00"
| };
| #define N_STRINGS (sizeof (tz_strings) / sizeof (tz_strings[0]))
| 
| /* Fail if mktime fails to convert a date in the spring-forward gap.
|    Based on a problem report from Andreas Jaeger.  */
| static void
| spring_forward_gap ()
| {
|   /* glibc (up to about 1998-10-07) failed this test. */
|   struct tm tm;
| 
|   /* Use the portable POSIX.1 specification "TZ=PST8PDT,M4.1.0,M10.5.0"
|      instead of "TZ=America/Vancouver" in order to detect the bug even
|      on systems that don't support the Olson extension, or don't have the
|      full zoneinfo tables installed.  */
|   putenv ("TZ=PST8PDT,M4.1.0,M10.5.0");
| 
|   tm.tm_year = 98;
|   tm.tm_mon = 3;
|   tm.tm_mday = 5;
|   tm.tm_hour = 2;
|   tm.tm_min = 0;
|   tm.tm_sec = 0;
|   tm.tm_isdst = -1;
|   if (mktime (&tm) == (time_t)-1)
|     exit (1);
| }
| 
| static void
| mktime_test1 (now)
|      time_t now;
| {
|   struct tm *lt;
|   if ((lt = localtime (&now)) && mktime (lt) != now)
|     exit (1);
| }
| 
| static void
| mktime_test (now)
|      time_t now;
| {
|   mktime_test1 (now);
|   mktime_test1 ((time_t) (time_t_max - now));
|   mktime_test1 ((time_t) (time_t_min + now));
| }
| 
| static void
| irix_6_4_bug ()
| {
|   /* Based on code from Ariel Faigon.  */
|   struct tm tm;
|   tm.tm_year = 96;
|   tm.tm_mon = 3;
|   tm.tm_mday = 0;
|   tm.tm_hour = 0;
|   tm.tm_min = 0;
|   tm.tm_sec = 0;
|   tm.tm_isdst = -1;
|   mktime (&tm);
|   if (tm.tm_mon != 2 || tm.tm_mday != 31)
|     exit (1);
| }
| 
| static void
| bigtime_test (j)
|      int j;
| {
|   struct tm tm;
|   time_t now;
|   tm.tm_year = tm.tm_mon = tm.tm_mday = tm.tm_hour = tm.tm_min = tm.tm_sec = j;
|   now = mktime (&tm);
|   if (now != (time_t) -1)
|     {
|       struct tm *lt = localtime (&now);
|       if (! (lt
| 	     && lt->tm_year == tm.tm_year
| 	     && lt->tm_mon == tm.tm_mon
| 	     && lt->tm_mday == tm.tm_mday
| 	     && lt->tm_hour == tm.tm_hour
| 	     && lt->tm_min == tm.tm_min
| 	     && lt->tm_sec == tm.tm_sec
| 	     && lt->tm_yday == tm.tm_yday
| 	     && lt->tm_wday == tm.tm_wday
| 	     && ((lt->tm_isdst < 0 ? -1 : 0 < lt->tm_isdst)
| 		  == (tm.tm_isdst < 0 ? -1 : 0 < tm.tm_isdst))))
| 	exit (1);
|     }
| }
| 
| int
| main ()
| {
|   time_t t, delta;
|   int i, j;
| 
|   /* This test makes some buggy mktime implementations loop.
|      Give up after 60 seconds; a mktime slower than that
|      isn't worth using anyway.  */
|   alarm (60);
| 
|   for (time_t_max = 1; 0 < time_t_max; time_t_max *= 2)
|     continue;
|   time_t_max--;
|   if ((time_t) -1 < 0)
|     for (time_t_min = -1; (time_t) (time_t_min * 2) < 0; time_t_min *= 2)
|       continue;
|   delta = time_t_max / 997; /* a suitable prime number */
|   for (i = 0; i < N_STRINGS; i++)
|     {
|       if (tz_strings[i])
| 	putenv (tz_strings[i]);
| 
|       for (t = 0; t <= time_t_max - delta; t += delta)
| 	mktime_test (t);
|       mktime_test ((time_t) 1);
|       mktime_test ((time_t) (60 * 60));
|       mktime_test ((time_t) (60 * 60 * 24));
| 
|       for (j = 1; 0 < j; j *= 2)
| 	bigtime_test (j);
|       bigtime_test (j - 1);
|     }
|   irix_6_4_bug ();
|   spring_forward_gap ();
|   exit (0);
| }
configure:8043: result: no
configure:8056: checking return type of signal handlers
configure:8087: gcc -c -g -O2 -g -O2 -I/usr/local/include/mysql conftest.c >&5
configure:8093: $? = 0
configure:8097: test -z 
			 || test ! -s conftest.err
configure:8100: $? = 0
configure:8103: test -s conftest.o
configure:8106: $? = 0
configure:8117: result: void
configure:8125: checking whether lstat dereferences a symlink specified with a trailing slash
configure:8156: gcc -o conftest -g -O2 -g -O2 -I/usr/local/include/mysql  -L/usr/local/lib -L/usr/local/lib -L/usr/local/lib/mysql -lmysqlclient  -pthread -lz -lm conftest.c -lmysqlclient -lpcap -lpng -liconv -lz -lm  >&5
configure:8159: $? = 0
configure:8161: ./conftest
configure:8164: $? = 0
configure:8185: result: yes
configure:8206: checking whether stat accepts an empty string
configure:8231: gcc -o conftest -g -O2 -g -O2 -I/usr/local/include/mysql  -L/usr/local/lib -L/usr/local/lib -L/usr/local/lib/mysql -lmysqlclient  -pthread -lz -lm conftest.c -lmysqlclient -lpcap -lpng -liconv -lz -lm  >&5
configure:8234: $? = 0
configure:8236: ./conftest
configure:8239: $? = 1
configure: program exited with status 1
configure: failed program was:
| /* confdefs.h.  */
| 
| #define PACKAGE_NAME ""
| #define PACKAGE_TARNAME ""
| #define PACKAGE_VERSION ""
| #define PACKAGE_STRING ""
| #define PACKAGE_BUGREPORT ""
| #define YYTEXT_POINTER 1
| #define HAVE_LIBM 1
| #define HAVE_LIBZ 1
| #define HAVE_LIBICONV 1
| #define HAVE_LIBPNG 1
| #define HAVE_LIBPCAP 1
| #define HAVE_LIBMYSQLCLIENT 1
| #define HAVE_DIRENT_H 1
| #define STDC_HEADERS 1
| #define HAVE_SYS_TYPES_H 1
| #define HAVE_SYS_STAT_H 1
| #define HAVE_STDLIB_H 1
| #define HAVE_STRING_H 1
| #define HAVE_MEMORY_H 1
| #define HAVE_STRINGS_H 1
| #define HAVE_INTTYPES_H 1
| #define HAVE_STDINT_H 1
| #define HAVE_UNISTD_H 1
| #define HAVE_PCAP_H 1
| #define HAVE_ARPA_INET_H 1
| #define HAVE_ERRNO_H 1
| #define HAVE_NETDB_H 1
| #define HAVE_NETINET_IN_H 1
| #define HAVE_STDDEF_H 1
| #define HAVE_STDLIB_H 1
| #define HAVE_STRING_H 1
| #define HAVE_SYS_SOCKET_H 1
| #define HAVE_SYS_TIME_H 1
| #define HAVE_SYS_WAIT_H 1
| #define HAVE_SYSLOG_H 1
| #define HAVE_UNISTD_H 1
| #define HAVE_MYSQL_H 1
| #define HAVE_ERRMSG_H 1
| #define HAVE_ARPA_NAMESER_H 1
| #define HAVE_RESOLV_H 1
| #define TCPHDR_SPORT th_sport
| #define TCPHDR_DPORT th_dport
| #define HAVE_STDLIB_H 1
| #define HAVE_MALLOC 1
| #define STDC_HEADERS 1
| #define TIME_WITH_SYS_TIME 1
| #define HAVE_STDLIB_H 1
| #define HAVE_SYS_TIME_H 1
| #define HAVE_UNISTD_H 1
| #define HAVE_ALARM 1
| #define RETSIGTYPE void
| #define LSTAT_FOLLOWS_SLASHED_SYMLINK 1
| /* end confdefs.h.  */
| #include <stdio.h>
| #if HAVE_SYS_TYPES_H
| # include <sys/types.h>
| #endif
| #if HAVE_SYS_STAT_H
| # include <sys/stat.h>
| #endif
| #if STDC_HEADERS
| # include <stdlib.h>
| # include <stddef.h>
| #else
| # if HAVE_STDLIB_H
| #  include <stdlib.h>
| # endif
| #endif
| #if HAVE_STRING_H
| # if !STDC_HEADERS && HAVE_MEMORY_H
| #  include <memory.h>
| # endif
| # include <string.h>
| #endif
| #if HAVE_STRINGS_H
| # include <strings.h>
| #endif
| #if HAVE_INTTYPES_H
| # include <inttypes.h>
| #else
| # if HAVE_STDINT_H
| #  include <stdint.h>
| # endif
| #endif
| #if HAVE_UNISTD_H
| # include <unistd.h>
| #endif
| int
| main ()
| {
| struct stat sbuf;
|   exit (stat ("", &sbuf) ? 1 : 0);
|   ;
|   return 0;
| }
configure:8253: result: no
configure:8281: checking for alarm
configure:8369: result: yes
configure:8281: checking for gethostbyaddr
configure:8338: gcc -o conftest -g -O2 -g -O2 -I/usr/local/include/mysql  -L/usr/local/lib -L/usr/local/lib -L/usr/local/lib/mysql -lmysqlclient  -pthread -lz -lm conftest.c -lmysqlclient -lpcap -lpng -liconv -lz -lm  >&5
configure:8344: $? = 0
configure:8348: test -z 
			 || test ! -s conftest.err
configure:8351: $? = 0
configure:8354: test -s conftest
configure:8357: $? = 0
configure:8369: result: yes
configure:8281: checking for inet_ntoa
configure:8338: gcc -o conftest -g -O2 -g -O2 -I/usr/local/include/mysql  -L/usr/local/lib -L/usr/local/lib -L/usr/local/lib/mysql -lmysqlclient  -pthread -lz -lm conftest.c -lmysqlclient -lpcap -lpng -liconv -lz -lm  >&5
configure:8344: $? = 0
configure:8348: test -z 
			 || test ! -s conftest.err
configure:8351: $? = 0
configure:8354: test -s conftest
configure:8357: $? = 0
configure:8369: result: yes
configure:8281: checking for memset
configure:8338: gcc -o conftest -g -O2 -g -O2 -I/usr/local/include/mysql  -L/usr/local/lib -L/usr/local/lib -L/usr/local/lib/mysql -lmysqlclient  -pthread -lz -lm conftest.c -lmysqlclient -lpcap -lpng -liconv -lz -lm  >&5
conftest.c:83: warning: conflicting types for built-in function 'memset'
configure:8344: $? = 0
configure:8348: test -z 
			 || test ! -s conftest.err
configure:8351: $? = 0
configure:8354: test -s conftest
configure:8357: $? = 0
configure:8369: result: yes
configure:8281: checking for strdup
configure:8338: gcc -o conftest -g -O2 -g -O2 -I/usr/local/include/mysql  -L/usr/local/lib -L/usr/local/lib -L/usr/local/lib/mysql -lmysqlclient  -pthread -lz -lm conftest.c -lmysqlclient -lpcap -lpng -liconv -lz -lm  >&5
conftest.c:84: warning: conflicting types for built-in function 'strdup'
configure:8344: $? = 0
configure:8348: test -z 
			 || test ! -s conftest.err
configure:8351: $? = 0
configure:8354: test -s conftest
configure:8357: $? = 0
configure:8369: result: yes
configure:8281: checking for strftime
configure:8338: gcc -o conftest -g -O2 -g -O2 -I/usr/local/include/mysql  -L/usr/local/lib -L/usr/local/lib -L/usr/local/lib/mysql -lmysqlclient  -pthread -lz -lm conftest.c -lmysqlclient -lpcap -lpng -liconv -lz -lm  >&5
conftest.c:85: warning: conflicting types for built-in function 'strftime'
configure:8344: $? = 0
configure:8348: test -z 
			 || test ! -s conftest.err
configure:8351: $? = 0
configure:8354: test -s conftest
configure:8357: $? = 0
configure:8369: result: yes
configure:8281: checking for pcap_findalldevs
configure:8338: gcc -o conftest -g -O2 -g -O2 -I/usr/local/include/mysql  -L/usr/local/lib -L/usr/local/lib -L/usr/local/lib/mysql -lmysqlclient  -pthread -lz -lm conftest.c -lmysqlclient -lpcap -lpng -liconv -lz -lm  >&5
configure:8344: $? = 0
configure:8348: test -z 
			 || test ! -s conftest.err
configure:8351: $? = 0
configure:8354: test -s conftest
configure:8357: $? = 0
configure:8369: result: yes
configure:8535: creating ./config.status

## ---------------------- ##
## Running config.status. ##
## ---------------------- ##

This file was extended by config.status, which was
generated by GNU Autoconf 2.59.  Invocation command line was

  CONFIG_FILES    = 
  CONFIG_HEADERS  = 
  CONFIG_LINKS    = 
  CONFIG_COMMANDS = 
  $ ./config.status 

on jesus.ctv

config.status:665: creating Makefile
config.status:769: creating config.h
config.status:983: config.h is unchanged

## ---------------- ##
## Cache variables. ##
## ---------------- ##

ac_cv_build=amd64-unknown-freebsd8.3
ac_cv_build_alias=amd64-unknown-freebsd8.3
ac_cv_c_compiler_gnu=yes
ac_cv_c_const=yes
ac_cv_c_inline=inline
ac_cv_env_CC_set=''
ac_cv_env_CC_value=''
ac_cv_env_CFLAGS_set=''
ac_cv_env_CFLAGS_value=''
ac_cv_env_CPPFLAGS_set=''
ac_cv_env_CPPFLAGS_value=''
ac_cv_env_CPP_set=''
ac_cv_env_CPP_value=''
ac_cv_env_LDFLAGS_set=''
ac_cv_env_LDFLAGS_value=''
ac_cv_env_build_alias_set=''
ac_cv_env_build_alias_value=''
ac_cv_env_host_alias_set=''
ac_cv_env_host_alias_value=''
ac_cv_env_target_alias_set=''
ac_cv_env_target_alias_value=''
ac_cv_exeext=''
ac_cv_file__sw_include=no
ac_cv_file__sw_lib=no
ac_cv_file__usr_local_pgsql_include=no
ac_cv_file__usr_local_pgsql_lib=no
ac_cv_file__usr_pkg_include=no
ac_cv_file__usr_pkg_lib=no
ac_cv_func_alarm=yes
ac_cv_func_gethostbyaddr=yes
ac_cv_func_inet_ntoa=yes
ac_cv_func_lstat_dereferences_slashed_symlink=yes
ac_cv_func_malloc_0_nonnull=yes
ac_cv_func_memset=yes
ac_cv_func_pcap_findalldevs=yes
ac_cv_func_stat_empty_string_bug=no
ac_cv_func_strdup=yes
ac_cv_func_strftime=yes
ac_cv_func_working_mktime=no
ac_cv_have_x='have_x=yes 		ac_x_includes=/usr/local/include ac_x_libraries=/usr/local/lib'
ac_cv_header_arpa_inet_h=yes
ac_cv_header_arpa_nameser_h=yes
ac_cv_header_dirent_dirent_h=yes
ac_cv_header_errmsg_h=yes
ac_cv_header_errno_h=yes
ac_cv_header_gd_gd_h=no
ac_cv_header_gd_gdfonts_h=no
ac_cv_header_gd_h=no
ac_cv_header_gdfonts_h=no
ac_cv_header_inttypes_h=yes
ac_cv_header_memory_h=yes
ac_cv_header_mysql_h=yes
ac_cv_header_netdb_h=yes
ac_cv_header_netinet_in_h=yes
ac_cv_header_pcap_h=yes
ac_cv_header_resolv_h=yes
ac_cv_header_stdc=yes
ac_cv_header_stddef_h=yes
ac_cv_header_stdint_h=yes
ac_cv_header_stdlib_h=yes
ac_cv_header_string_h=yes
ac_cv_header_strings_h=yes
ac_cv_header_sys_socket_h=yes
ac_cv_header_sys_stat_h=yes
ac_cv_header_sys_time_h=yes
ac_cv_header_sys_types_h=yes
ac_cv_header_sys_wait_h=yes
ac_cv_header_syslog_h=yes
ac_cv_header_time=yes
ac_cv_header_unistd_h=yes
ac_cv_host=amd64-unknown-freebsd8.3
ac_cv_host_alias=amd64-unknown-freebsd8.3
ac_cv_lib_fl_yywrap=yes
ac_cv_lib_gd_gdImageCreate=yes
ac_cv_lib_iconv_libiconv_open=yes
ac_cv_lib_m_pow=yes
ac_cv_lib_mysqlclient_mysql_real_connect=yes
ac_cv_lib_mysqlclient_mysql_stmt_init=yes
ac_cv_lib_nsl_gethostbyname=no
ac_cv_lib_pcap_pcap_open_live=yes
ac_cv_lib_png_png_read_info=yes
ac_cv_lib_pq_PQconnectdb=no
ac_cv_lib_resolv_inet_aton=no
ac_cv_lib_socket_connect=no
ac_cv_lib_z_deflate=yes
ac_cv_member_struct_tcphdr_dest=no
ac_cv_member_struct_tcphdr_source=no
ac_cv_member_struct_tcphdr_th_dport=yes
ac_cv_member_struct_tcphdr_th_sport=yes
ac_cv_objext=o
ac_cv_path_install='/usr/bin/install -c'
ac_cv_prog_CPP='gcc -E'
ac_cv_prog_LEX=flex
ac_cv_prog_MYSQL_CONFIG=yes
ac_cv_prog_YACC='bison -y'
ac_cv_prog_ac_ct_CC=gcc
ac_cv_prog_cc_g=yes
ac_cv_prog_cc_stdc=''
ac_cv_prog_egrep='grep -E'
ac_cv_prog_lex_root=lex.yy
ac_cv_prog_lex_yytext_pointer=yes
ac_cv_search_opendir='none required'
ac_cv_struct_tm=time.h
ac_cv_type_pid_t=yes
ac_cv_type_signal=void
ac_cv_type_size_t=yes

## ----------------- ##
## Output variables. ##
## ----------------- ##

CC='gcc'
CFLAGS='-g -O2'
CONFIG_FILE='/usr/local/etc/bandwidthd.conf'
CPP='gcc -E'
CPPFLAGS='-g -O2 -I/usr/local/include/mysql'
DEFS='-DHAVE_CONFIG_H'
ECHO_C=''
ECHO_N='-n'
ECHO_T=''
EGREP='grep -E'
EXEEXT=''
HTDOCS_DIR='/usr/local/var/bandwidthd/htdocs'
INSTALL_DATA='${INSTALL} -m 644'
INSTALL_PROGRAM='${INSTALL}'
INSTALL_SCRIPT='${INSTALL}'
LDFLAGS=' -L/usr/local/lib -L/usr/local/lib -L/usr/local/lib/mysql -lmysqlclient  -pthread -lz -lm'
LEX='flex'
LEXLIB='-lfl'
LEX_OUTPUT_ROOT='lex.yy'
LIBOBJS=' mktime$U.o'
LIBS='-lmysqlclient -lpcap -lpng -liconv -lz -lm '
LOG_DIR='/usr/local/var/bandwidthd'
LTLIBOBJS=' mktime$U.lo'
MYSQL_CONFIG='yes'
OBJEXT='o'
PACKAGE_BUGREPORT=''
PACKAGE_NAME=''
PACKAGE_STRING=''
PACKAGE_TARNAME=''
PACKAGE_VERSION=''
PATH_SEPARATOR=':'
SHELL='/bin/sh'
YACC='bison -y'
ac_ct_CC='gcc'
bindir='${exec_prefix}/bin'
build='amd64-unknown-freebsd8.3'
build_alias=''
build_cpu='amd64'
build_os='freebsd8.3'
build_vendor='unknown'
datadir='${prefix}/share'
exec_prefix='${prefix}'
host='amd64-unknown-freebsd8.3'
host_alias=''
host_cpu='amd64'
host_os='freebsd8.3'
host_vendor='unknown'
includedir='${prefix}/include'
infodir='${prefix}/info'
libdir='${exec_prefix}/lib'
libexecdir='${exec_prefix}/libexec'
localstatedir='${prefix}/var'
mandir='${prefix}/man'
oldincludedir='/usr/include'
prefix='/usr/local'
program_transform_name='s,x,x,'
sbindir='${exec_prefix}/sbin'
sharedstatedir='${prefix}/com'
sysconfdir='${prefix}/etc'
target_alias=''

## ----------- ##
## confdefs.h. ##
## ----------- ##

#define CONFIG_FILE "/usr/local/etc/bandwidthd.conf"
#define HAVE_ALARM 1
#define HAVE_ALARM 1
#define HAVE_ARPA_INET_H 1
#define HAVE_ARPA_NAMESER_H 1
#define HAVE_DIRENT_H 1
#define HAVE_ERRMSG_H 1
#define HAVE_ERRNO_H 1
#define HAVE_GETHOSTBYADDR 1
#define HAVE_INET_NTOA 1
#define HAVE_INTTYPES_H 1
#define HAVE_LIBICONV 1
#define HAVE_LIBM 1
#define HAVE_LIBMYSQLCLIENT 1
#define HAVE_LIBPCAP 1
#define HAVE_LIBPNG 1
#define HAVE_LIBZ 1
#define HAVE_MALLOC 1
#define HAVE_MEMORY_H 1
#define HAVE_MEMSET 1
#define HAVE_MYSQL_H 1
#define HAVE_NETDB_H 1
#define HAVE_NETINET_IN_H 1
#define HAVE_PCAP_FINDALLDEVS 1
#define HAVE_PCAP_H 1
#define HAVE_RESOLV_H 1
#define HAVE_STDDEF_H 1
#define HAVE_STDINT_H 1
#define HAVE_STDLIB_H 1
#define HAVE_STDLIB_H 1
#define HAVE_STDLIB_H 1
#define HAVE_STDLIB_H 1
#define HAVE_STRDUP 1
#define HAVE_STRFTIME 1
#define HAVE_STRINGS_H 1
#define HAVE_STRING_H 1
#define HAVE_STRING_H 1
#define HAVE_SYSLOG_H 1
#define HAVE_SYS_SOCKET_H 1
#define HAVE_SYS_STAT_H 1
#define HAVE_SYS_TIME_H 1
#define HAVE_SYS_TIME_H 1
#define HAVE_SYS_TYPES_H 1
#define HAVE_SYS_WAIT_H 1
#define HAVE_UNISTD_H 1
#define HAVE_UNISTD_H 1
#define HAVE_UNISTD_H 1
#define HTDOCS_DIR "/usr/local/var/bandwidthd/htdocs"
#define LOG_DIR "/usr/local/var/bandwidthd"
#define LSTAT_FOLLOWS_SLASHED_SYMLINK 1
#define PACKAGE_BUGREPORT ""
#define PACKAGE_NAME ""
#define PACKAGE_STRING ""
#define PACKAGE_TARNAME ""
#define PACKAGE_VERSION ""
#define RETSIGTYPE void
#define STDC_HEADERS 1
#define STDC_HEADERS 1
#define TCPHDR_DPORT th_dport
#define TCPHDR_SPORT th_sport
#define TIME_WITH_SYS_TIME 1
#define YYTEXT_POINTER 1

configure: exit 0
